<?xml version="1.0" encoding="UTF-8"?>
<!-- Generated by org.testng.reporters.JUnitXMLReporter -->
<testsuite hostname="DESKTOP-RV8OV7R" ignored="0" name="Test" tests="4" failures="4" timestamp="21 Feb 2023 10:44:20 GMT" time="7.239" errors="0">
  <testcase name="test" time="3.461" classname="org.data.Dataprovider">
    <failure type="java.lang.NoSuchMethodError" message="org.openqa.selenium.support.PageFactory.initElements(Lorg/openqa/selenium/WebDriver;Ljava/lang/Object;)V">
      <![CDATA[java.lang.NoSuchMethodError: org.openqa.selenium.support.PageFactory.initElements(Lorg/openqa/selenium/WebDriver;Ljava/lang/Object;)V
at org.data.Loginpage.<init>(Loginpage.java:9)
at org.data.Dataprovider.test(Dataprovider.java:30)
... Removed 25 stack frames]]>
    </failure>
  </testcase> <!-- test -->
  <testcase name="test" time="0.233" classname="org.data.Dataprovider">
    <failure type="java.lang.NoSuchMethodError" message="org.openqa.selenium.support.PageFactory.initElements(Lorg/openqa/selenium/WebDriver;Ljava/lang/Object;)V">
      <![CDATA[java.lang.NoSuchMethodError: org.openqa.selenium.support.PageFactory.initElements(Lorg/openqa/selenium/WebDriver;Ljava/lang/Object;)V
at org.data.Loginpage.<init>(Loginpage.java:9)
at org.data.Dataprovider.test(Dataprovider.java:30)
... Removed 25 stack frames]]>
    </failure>
  </testcase> <!-- test -->
  <testcase name="test" time="0.281" classname="org.data.Dataprovider">
    <failure type="java.lang.NoSuchMethodError" message="org.openqa.selenium.support.PageFactory.initElements(Lorg/openqa/selenium/WebDriver;Ljava/lang/Object;)V">
      <![CDATA[java.lang.NoSuchMethodError: org.openqa.selenium.support.PageFactory.initElements(Lorg/openqa/selenium/WebDriver;Ljava/lang/Object;)V
at org.data.Loginpage.<init>(Loginpage.java:9)
at org.data.Dataprovider.test(Dataprovider.java:30)
... Removed 25 stack frames]]>
    </failure>
  </testcase> <!-- test -->
  <testcase name="test" time="0.218" classname="org.data.Dataprovider">
    <failure type="java.lang.NoSuchMethodError" message="org.openqa.selenium.support.PageFactory.initElements(Lorg/openqa/selenium/WebDriver;Ljava/lang/Object;)V">
      <![CDATA[java.lang.NoSuchMethodError: org.openqa.selenium.support.PageFactory.initElements(Lorg/openqa/selenium/WebDriver;Ljava/lang/Object;)V
at org.data.Loginpage.<init>(Loginpage.java:9)
at org.data.Dataprovider.test(Dataprovider.java:30)
... Removed 25 stack frames]]>
    </failure>
  </testcase> <!-- test -->
</testsuite> <!-- Test -->
